2016-01-16 16:30:20,345 - application - INFO - Création du jeu
2016-01-16 16:30:20,347 - application - DEBUG - Initialisation du joueur 0 de l'équipe 3
2016-01-16 16:30:20,347 - application - DEBUG - Initialisation du joueur 0 de l'équipe 3
2016-01-16 16:30:20,347 - application - DEBUG - Initialisation du joueur 0 de l'équipe 3
2016-01-16 16:30:20,347 - application - DEBUG - Initialisation du joueur 0 de l'équipe 3
2016-01-16 16:30:20,348 - application - DEBUG - Initialisation du joueur 0 de l'équipe 3
2016-01-16 16:30:20,348 - application - DEBUG - Initialisation du joueur 0 de l'équipe 3
2016-01-16 16:30:20,348 - application - DEBUG - Initialisation du joueur 0 de l'équipe 3
2016-01-16 16:30:20,349 - application - DEBUG - Initialisation du joueur 0 de l'équipe 3
2016-01-16 16:30:20,349 - application - DEBUG - Initialisation du joueur 0 de l'équipe 3
2016-01-16 16:30:20,349 - application - DEBUG - Initialisation du joueur 0 de l'équipe 3
2016-01-16 16:30:20,349 - application - DEBUG - Initialisation du joueur 0 de l'équipe 3
2016-01-16 16:30:20,349 - application - DEBUG - Initialisation du joueur 0 de l'équipe 3
2016-01-16 16:30:20,349 - application - DEBUG - Initialisation du joueur 0 de l'équipe 3
2016-01-16 16:30:20,349 - application - DEBUG - Initialisation du joueur 0 de l'équipe 3
2016-01-16 16:30:20,349 - application - DEBUG - Initialisation du joueur 0 de l'équipe 3
2016-01-16 16:30:20,350 - application - DEBUG - Initialisation du joueur 0 de l'équipe 3
2016-01-16 16:30:20,350 - application - DEBUG - Initialisation du joueur 0 de l'équipe 3
2016-01-16 16:30:20,350 - application - DEBUG - Initialisation du joueur 0 de l'équipe 3
2016-01-16 16:30:20,350 - application - DEBUG - Initialisation du joueur 0 de l'équipe 3
2016-01-16 16:30:20,350 - application - DEBUG - Initialisation du joueur 0 de l'équipe 3
2016-01-16 16:30:20,350 - application - DEBUG - Initialisation du joueur 0 de l'équipe 3
2016-01-16 16:30:20,350 - application - DEBUG - Initialisation du joueur 0 de l'équipe 3
2016-01-16 16:30:20,350 - application - DEBUG - Initialisation du joueur 0 de l'équipe 3
2016-01-16 16:30:20,351 - application - DEBUG - Initialisation du joueur 0 de l'équipe 3
2016-01-16 16:30:20,351 - application - DEBUG - Initialisation du joueur 0 de l'équipe 3
2016-01-16 16:30:20,351 - application - DEBUG - Initialisation du joueur 0 de l'équipe 3
2016-01-16 16:30:20,351 - application - DEBUG - Initialisation du joueur 0 de l'équipe 3
2016-01-16 16:30:20,351 - application - DEBUG - Initialisation du joueur 0 de l'équipe 3
2016-01-16 16:30:20,351 - application - DEBUG - Initialisation du joueur 0 de l'équipe 3
2016-01-16 16:30:20,351 - application - DEBUG - Initialisation du joueur 0 de l'équipe 3
2016-01-16 16:30:20,351 - application - DEBUG - Initialisation du joueur 0 de l'équipe 3
2016-01-16 16:30:20,351 - application - DEBUG - Initialisation du joueur 0 de l'équipe 3
2016-01-16 16:30:20,352 - application - DEBUG - Initialisation du joueur 0 de l'équipe 3
2016-01-16 16:30:20,352 - application - DEBUG - Initialisation du joueur 0 de l'équipe 3
2016-01-16 16:30:20,352 - application - DEBUG - Initialisation du joueur 0 de l'équipe 3
2016-01-16 16:30:20,352 - application - DEBUG - Initialisation du joueur 0 de l'équipe 3
2016-01-16 16:30:20,352 - application - DEBUG - Initialisation du joueur 0 de l'équipe 3
2016-01-16 16:30:20,352 - application - DEBUG - Initialisation du joueur 0 de l'équipe 3
2016-01-16 16:30:20,352 - application - DEBUG - Initialisation du joueur 0 de l'équipe 3
2016-01-16 16:30:20,352 - application - DEBUG - Initialisation du joueur 0 de l'équipe 3
2016-01-16 16:30:20,353 - application - DEBUG - Initialisation du joueur 0 de l'équipe 3
2016-01-16 16:30:20,353 - application - DEBUG - Initialisation du joueur 0 de l'équipe 3
2016-01-16 16:30:20,353 - application - DEBUG - Initialisation du joueur 0 de l'équipe 3
2016-01-16 16:30:20,353 - application - DEBUG - Initialisation du joueur 0 de l'équipe 3
2016-01-16 16:30:20,353 - application - DEBUG - Initialisation du joueur 0 de l'équipe 3
2016-01-16 16:30:20,353 - application - DEBUG - Initialisation du joueur 0 de l'équipe 3
2016-01-16 16:30:20,353 - application - DEBUG - Initialisation du joueur 0 de l'équipe 3
2016-01-16 16:30:20,353 - application - DEBUG - Initialisation du joueur 0 de l'équipe 3
2016-01-16 16:30:20,354 - application - DEBUG - Initialisation du joueur 0 de l'équipe 3
2016-01-16 16:30:20,354 - application - DEBUG - Initialisation du joueur 0 de l'équipe 3
2016-01-16 16:30:20,354 - application - DEBUG - Initialisation du joueur 0 de l'équipe 3
2016-01-16 16:30:20,354 - application - DEBUG - Initialisation du joueur 0 de l'équipe 3
2016-01-16 16:30:20,354 - application - DEBUG - Initialisation du joueur 0 de l'équipe 3
2016-01-16 16:30:20,354 - application - DEBUG - Initialisation du joueur 0 de l'équipe 3
2016-01-16 16:30:20,354 - application - DEBUG - Initialisation du joueur 0 de l'équipe 3
2016-01-16 16:30:20,354 - application - DEBUG - Initialisation du joueur 0 de l'équipe 3
2016-01-16 16:30:20,355 - application - DEBUG - Initialisation du joueur 0 de l'équipe 3
2016-01-16 16:30:20,355 - application - DEBUG - Initialisation du joueur 0 de l'équipe 3
2016-01-16 16:30:20,355 - application - DEBUG - Initialisation du joueur 0 de l'équipe 3
2016-01-16 16:30:20,355 - application - DEBUG - Initialisation du joueur 0 de l'équipe 3
2016-01-16 16:30:20,355 - application - DEBUG - Initialisation du joueur 0 de l'équipe 3
2016-01-16 16:30:20,355 - application - DEBUG - Initialisation du joueur 0 de l'équipe 3
2016-01-16 16:30:20,355 - application - DEBUG - Initialisation du joueur 0 de l'équipe 3
2016-01-16 16:30:20,355 - application - DEBUG - Initialisation du joueur 0 de l'équipe 3
2016-01-16 16:30:20,355 - application - DEBUG - Initialisation du joueur 0 de l'équipe 3
2016-01-16 16:30:20,356 - application - DEBUG - Initialisation du joueur 0 de l'équipe 3
2016-01-16 16:30:20,356 - application - DEBUG - Initialisation du joueur 0 de l'équipe 3
2016-01-16 16:30:20,356 - application - DEBUG - Initialisation du joueur 0 de l'équipe 3
2016-01-16 16:30:20,356 - application - DEBUG - Initialisation du joueur 0 de l'équipe 3
2016-01-16 16:30:20,356 - application - DEBUG - Initialisation du joueur 0 de l'équipe 3
2016-01-16 16:30:20,356 - application - DEBUG - Initialisation du joueur 0 de l'équipe 3
2016-01-16 16:30:20,356 - application - DEBUG - Initialisation du joueur 0 de l'équipe 3
2016-01-16 16:30:20,357 - application - DEBUG - Initialisation du joueur 0 de l'équipe 3
2016-01-16 16:30:20,357 - application - DEBUG - Initialisation du joueur 0 de l'équipe 3
2016-01-16 16:30:20,357 - application - DEBUG - Initialisation du joueur 0 de l'équipe 3
2016-01-16 16:30:20,357 - application - DEBUG - Initialisation du joueur 0 de l'équipe 3
2016-01-16 16:30:20,357 - application - DEBUG - Initialisation du joueur 0 de l'équipe 3
2016-01-16 16:30:20,357 - application - DEBUG - Initialisation du joueur 0 de l'équipe 3
2016-01-16 16:30:20,357 - application - DEBUG - Initialisation du joueur 0 de l'équipe 3
2016-01-16 16:30:20,357 - application - DEBUG - Initialisation du joueur 0 de l'équipe 3
2016-01-16 16:30:20,357 - application - DEBUG - Initialisation du joueur 0 de l'équipe 3
2016-01-16 16:30:20,358 - application - DEBUG - Initialisation du joueur 0 de l'équipe 3
2016-01-16 16:30:20,358 - application - DEBUG - Initialisation du joueur 0 de l'équipe 3
2016-01-16 16:30:20,358 - application - DEBUG - Initialisation du joueur 0 de l'équipe 3
2016-01-16 16:30:20,358 - application - DEBUG - Initialisation du joueur 0 de l'équipe 3
2016-01-16 16:30:20,358 - application - DEBUG - Initialisation du joueur 0 de l'équipe 3
2016-01-16 16:30:20,358 - application - DEBUG - Initialisation du joueur 0 de l'équipe 3
2016-01-16 16:30:20,358 - application - DEBUG - Initialisation du joueur 0 de l'équipe 3
2016-01-16 16:30:20,358 - application - DEBUG - Initialisation du joueur 0 de l'équipe 3
2016-01-16 16:30:20,359 - application - DEBUG - Initialisation du joueur 0 de l'équipe 3
2016-01-16 16:30:20,359 - application - DEBUG - Initialisation du joueur 0 de l'équipe 3
2016-01-16 16:30:20,359 - application - DEBUG - Initialisation du joueur 0 de l'équipe 3
2016-01-16 16:30:20,359 - application - DEBUG - Initialisation du joueur 0 de l'équipe 3
2016-01-16 16:30:20,359 - application - DEBUG - Initialisation du joueur 0 de l'équipe 3
2016-01-16 16:30:20,359 - application - DEBUG - Initialisation du joueur 0 de l'équipe 3
2016-01-16 16:30:20,359 - application - DEBUG - Initialisation du joueur 0 de l'équipe 3
2016-01-16 16:30:20,360 - application - DEBUG - Initialisation du joueur 0 de l'équipe 3
2016-01-16 16:30:20,360 - application - DEBUG - Initialisation du joueur 0 de l'équipe 3
2016-01-16 16:30:20,360 - application - DEBUG - Initialisation du joueur 0 de l'équipe 3
2016-01-16 16:30:20,360 - application - DEBUG - Initialisation du joueur 0 de l'équipe 3
2016-01-16 16:30:20,360 - application - DEBUG - Initialisation du joueur 0 de l'équipe 3
2016-01-16 16:30:20,360 - application - DEBUG - Initialisation du joueur 0 de l'équipe 3
2016-01-16 16:30:20,360 - application - DEBUG - Initialisation du joueur 0 de l'équipe 3
2016-01-16 16:30:20,360 - application - DEBUG - Initialisation du joueur 0 de l'équipe 3
2016-01-16 16:30:20,429 - application - INFO - Choix de l'équipe 1 ...
2016-01-16 16:30:20,433 - application - DEBUG - Saisie de l'entier x: 
2016-01-16 16:30:26,575 - application - DEBUG - Saisie de l'entier y: 
2016-01-16 16:30:26,580 - application - DEBUG - Un joueur ordinaire est choisi sur (1,2)
2016-01-16 16:30:26,581 - application - DEBUG - Append de (1,2)
2016-01-16 16:30:26,583 - application - DEBUG - Saisie de l'entier x: 
2016-01-16 16:30:26,585 - application - DEBUG - Saisie de l'entier y: 
2016-01-16 16:30:26,586 - application - DEBUG - Un joueur ordinaire est choisi sur (1,0)
2016-01-16 16:30:26,587 - application - DEBUG - Append de (1,0)
2016-01-16 16:30:26,589 - application - DEBUG - Saisie de l'entier x: 
2016-01-16 16:30:26,590 - application - DEBUG - Saisie de l'entier y: 
2016-01-16 16:30:26,593 - application - DEBUG - Un joueur dur est choisi sur (1,7)
2016-01-16 16:30:26,593 - application - DEBUG - Append de (1,7)
2016-01-16 16:30:26,597 - application - DEBUG - Saisie de l'entier x: 
2016-01-16 16:30:26,599 - application - DEBUG - Saisie de l'entier y: 
2016-01-16 16:30:26,601 - application - DEBUG - Un joueur costaud est choisi sur (1,8)
2016-01-16 16:30:26,602 - application - WARNING - (1,8) est hors limite
2016-01-16 16:30:26,604 - application - DEBUG - Saisie de l'entier x: 
2016-01-16 16:30:26,604 - application - DEBUG - Saisie de l'entier y: 
2016-01-16 16:30:26,605 - application - DEBUG - Un joueur costaud est choisi sur (2,0)
2016-01-16 16:30:26,605 - application - DEBUG - Append de (2,0)
2016-01-16 16:30:26,606 - application - DEBUG - Saisie de l'entier x: 
2016-01-16 16:30:26,607 - application - DEBUG - Saisie de l'entier y: 
2016-01-16 16:30:26,608 - application - DEBUG - Un joueur fute est choisi sur (2,3)
2016-01-16 16:30:26,608 - application - DEBUG - Append de (2,3)
2016-01-16 16:30:26,610 - application - DEBUG - Saisie de l'entier x: 
2016-01-16 16:30:26,611 - application - DEBUG - Saisie de l'entier y: 
2016-01-16 16:30:26,612 - application - DEBUG - Un joueur rapide est choisi sur (2,4)
2016-01-16 16:30:26,612 - application - DEBUG - Append de (2,4)
2016-01-16 16:30:26,614 - application - INFO - Choix de l'équipe 2 ...
2016-01-16 16:30:26,615 - application - DEBUG - Saisie de l'entier x: 
2016-01-16 16:30:26,617 - application - DEBUG - Saisie de l'entier y: 
2016-01-16 16:30:26,618 - application - DEBUG - Un joueur ordinaire est choisi sur (11,0)
2016-01-16 16:30:26,618 - application - INFO - Append de (11,0)
2016-01-16 16:30:26,619 - application - DEBUG - Saisie de l'entier x: 
2016-01-16 16:30:26,620 - application - DEBUG - Saisie de l'entier y: 
2016-01-16 16:30:26,621 - application - DEBUG - Un joueur ordinaire est choisi sur (11,8)
2016-01-16 16:30:26,621 - application - WARNING - (11,8) est hors limite
2016-01-16 16:30:26,623 - application - DEBUG - Saisie de l'entier x: 
2016-01-16 16:30:26,624 - application - DEBUG - Saisie de l'entier y: 
2016-01-16 16:30:26,625 - application - DEBUG - Un joueur ordinaire est choisi sur (11,7)
2016-01-16 16:30:26,626 - application - INFO - Append de (11,7)
2016-01-16 16:30:26,628 - application - DEBUG - Saisie de l'entier x: 
2016-01-16 16:30:26,629 - application - DEBUG - Saisie de l'entier y: 
2016-01-16 16:30:26,630 - application - DEBUG - Un joueur dur est choisi sur (10,0)
2016-01-16 16:30:26,630 - application - INFO - Append de (10,0)
2016-01-16 16:30:26,630 - application - DEBUG - Saisie de l'entier x: 
2016-01-16 16:30:26,631 - application - DEBUG - Saisie de l'entier y: 
2016-01-16 16:30:26,631 - application - DEBUG - Un joueur costaud est choisi sur (10,6)
2016-01-16 16:30:26,631 - application - INFO - Append de (10,6)
2016-01-16 16:30:26,632 - application - DEBUG - Saisie de l'entier x: 
2016-01-16 16:30:26,633 - application - DEBUG - Saisie de l'entier y: 
2016-01-16 16:30:26,633 - application - DEBUG - Un joueur fute est choisi sur (10,5)
2016-01-16 16:30:26,634 - application - INFO - Append de (10,5)
2016-01-16 16:30:26,635 - application - DEBUG - Saisie de l'entier x: 
2016-01-16 16:30:26,636 - application - DEBUG - Saisie de l'entier y: 
2016-01-16 16:30:27,885 - application - DEBUG - Un joueur rapide est choisi sur (10,7)
2016-01-16 16:30:27,885 - application - INFO - Append de (10,7)
2016-01-16 16:30:27,886 - application - DEBUG - Initialisation de l'équipe 1
2016-01-16 16:30:27,886 - application - DEBUG - Initialisation du joueur 0 de l'équipe 1
2016-01-16 16:30:27,886 - application - DEBUG - Initialisation du joueur 1 de l'équipe 1
2016-01-16 16:30:27,886 - application - DEBUG - Initialisation du joueur 2 de l'équipe 1
2016-01-16 16:30:27,886 - application - DEBUG - Initialisation du joueur 3 de l'équipe 1
2016-01-16 16:30:27,887 - application - DEBUG - Initialisation du joueur 4 de l'équipe 1
2016-01-16 16:30:27,887 - application - DEBUG - Initialisation du joueur 5 de l'équipe 1
2016-01-16 16:30:27,887 - application - DEBUG - Initialisation du joueur 0 de l'équipe 1
2016-01-16 16:30:27,887 - application - DEBUG - Initialisation du joueur 1 de l'équipe 1
2016-01-16 16:30:27,888 - application - DEBUG - Initialisation du joueur 2 de l'équipe 1
2016-01-16 16:30:27,888 - application - DEBUG - Initialisation du joueur 3 de l'équipe 1
2016-01-16 16:30:27,888 - application - DEBUG - Initialisation du joueur 4 de l'équipe 1
2016-01-16 16:30:27,888 - application - DEBUG - Initialisation du joueur 5 de l'équipe 1
2016-01-16 16:30:27,888 - application - DEBUG - Initialisation de l'équipe 2
2016-01-16 16:30:27,888 - application - DEBUG - Initialisation du joueur 0 de l'équipe 2
2016-01-16 16:30:27,889 - application - DEBUG - Initialisation du joueur 1 de l'équipe 2
2016-01-16 16:30:27,889 - application - DEBUG - Initialisation du joueur 2 de l'équipe 2
2016-01-16 16:30:27,889 - application - DEBUG - Initialisation du joueur 3 de l'équipe 2
2016-01-16 16:30:27,889 - application - DEBUG - Initialisation du joueur 4 de l'équipe 2
2016-01-16 16:30:27,889 - application - DEBUG - Initialisation du joueur 5 de l'équipe 2
2016-01-16 16:30:27,889 - application - DEBUG - Initialisation du joueur 0 de l'équipe 2
2016-01-16 16:30:27,889 - application - DEBUG - Initialisation du joueur 1 de l'équipe 2
2016-01-16 16:30:27,889 - application - DEBUG - Initialisation du joueur 2 de l'équipe 2
2016-01-16 16:30:27,890 - application - DEBUG - Initialisation du joueur 3 de l'équipe 2
2016-01-16 16:30:27,890 - application - DEBUG - Initialisation du joueur 4 de l'équipe 2
2016-01-16 16:30:27,890 - application - DEBUG - Initialisation du joueur 5 de l'équipe 2
2016-01-16 16:30:27,890 - application - DEBUG - Initialisation du ballon à la position (7,5)
